2017-07-29 00:09:50  [ main:23214 ] - [ ERROR ]java.sql.SQLException: validateConnection false
	at com.alibaba.druid.pool.DruidAbstractDataSource.validateConnection(DruidAbstractDataSource.java:1249)
	at com.alibaba.druid.pool.DruidAbstractDataSource.createPhysicalConnection(DruidAbstractDataSource.java:1474)
	at com.alibaba.druid.pool.DruidDataSource.init(DruidDataSource.java:683)
	at com.alibaba.druid.pool.DruidDataSource.getConnection(DruidDataSource.java:986)
	at com.alibaba.druid.pool.DruidDataSource.getConnection(DruidDataSource.java:982)
	at com.alibaba.druid.pool.DruidDataSource.getConnection(DruidDataSource.java:102)
	at org.springframework.jdbc.datasource.DataSourceUtils.doGetConnection(DataSourceUtils.java:111)
	at org.springframework.jdbc.datasource.DataSourceUtils.getConnection(DataSourceUtils.java:77)
	at org.mybatis.spring.transaction.SpringManagedTransaction.openConnection(SpringManagedTransaction.java:81)
	at org.mybatis.spring.transaction.SpringManagedTransaction.getConnection(SpringManagedTransaction.java:67)
	at org.apache.ibatis.executor.BaseExecutor.getConnection(BaseExecutor.java:279)
	at org.apache.ibatis.executor.SimpleExecutor.prepareStatement(SimpleExecutor.java:72)
	at org.apache.ibatis.executor.SimpleExecutor.doQuery(SimpleExecutor.java:59)
	at org.apache.ibatis.executor.BaseExecutor.queryFromDatabase(BaseExecutor.java:267)
	at org.apache.ibatis.executor.BaseExecutor.query(BaseExecutor.java:137)
	at org.apache.ibatis.executor.CachingExecutor.query(CachingExecutor.java:96)
	at org.apache.ibatis.executor.CachingExecutor.query(CachingExecutor.java:77)
	at org.apache.ibatis.session.defaults.DefaultSqlSession.selectList(DefaultSqlSession.java:108)
	at org.apache.ibatis.session.defaults.DefaultSqlSession.selectList(DefaultSqlSession.java:102)
	at org.apache.ibatis.session.defaults.DefaultSqlSession.selectOne(DefaultSqlSession.java:66)
	at sun.reflect.NativeMethodAccessorImpl.invoke0(Native Method)
	at sun.reflect.NativeMethodAccessorImpl.invoke(NativeMethodAccessorImpl.java:62)
	at sun.reflect.DelegatingMethodAccessorImpl.invoke(DelegatingMethodAccessorImpl.java:43)
	at java.lang.reflect.Method.invoke(Method.java:498)
	at org.mybatis.spring.SqlSessionTemplate$SqlSessionInterceptor.invoke(SqlSessionTemplate.java:358)
	at com.sun.proxy.$Proxy21.selectOne(Unknown Source)
	at org.mybatis.spring.SqlSessionTemplate.selectOne(SqlSessionTemplate.java:163)
	at org.apache.ibatis.binding.MapperMethod.execute(MapperMethod.java:68)
	at org.apache.ibatis.binding.MapperProxy.invoke(MapperProxy.java:52)
	at com.sun.proxy.$Proxy23.studySelect(Unknown Source)
	at StudentTest.studentSelect(StudentTest.java:49)
	at sun.reflect.NativeMethodAccessorImpl.invoke0(Native Method)
	at sun.reflect.NativeMethodAccessorImpl.invoke(NativeMethodAccessorImpl.java:62)
	at sun.reflect.DelegatingMethodAccessorImpl.invoke(DelegatingMethodAccessorImpl.java:43)
	at java.lang.reflect.Method.invoke(Method.java:498)
	at org.junit.runners.model.FrameworkMethod$1.runReflectiveCall(FrameworkMethod.java:50)
	at org.junit.internal.runners.model.ReflectiveCallable.run(ReflectiveCallable.java:12)
	at org.junit.runners.model.FrameworkMethod.invokeExplosively(FrameworkMethod.java:47)
	at org.junit.internal.runners.statements.InvokeMethod.evaluate(InvokeMethod.java:17)
	at org.springframework.test.context.junit4.statements.RunBeforeTestMethodCallbacks.evaluate(RunBeforeTestMethodCallbacks.java:75)
	at org.springframework.test.context.junit4.statements.RunAfterTestMethodCallbacks.evaluate(RunAfterTestMethodCallbacks.java:86)
	at org.springframework.test.context.junit4.statements.SpringRepeat.evaluate(SpringRepeat.java:84)
	at org.junit.runners.ParentRunner.runLeaf(ParentRunner.java:325)
	at org.springframework.test.context.junit4.SpringJUnit4ClassRunner.runChild(SpringJUnit4ClassRunner.java:252)
	at org.springframework.test.context.junit4.SpringJUnit4ClassRunner.runChild(SpringJUnit4ClassRunner.java:94)
	at org.junit.runners.ParentRunner$3.run(ParentRunner.java:290)
	at org.junit.runners.ParentRunner$1.schedule(ParentRunner.java:71)
	at org.junit.runners.ParentRunner.runChildren(ParentRunner.java:288)
	at org.junit.runners.ParentRunner.access$000(ParentRunner.java:58)
	at org.junit.runners.ParentRunner$2.evaluate(ParentRunner.java:268)
	at org.junit.internal.runners.statements.RunBefores.evaluate(RunBefores.java:26)
	at org.springframework.test.context.junit4.statements.RunBeforeTestClassCallbacks.evaluate(RunBeforeTestClassCallbacks.java:61)
	at org.junit.internal.runners.statements.RunAfters.evaluate(RunAfters.java:27)
	at org.springframework.test.context.junit4.statements.RunAfterTestClassCallbacks.evaluate(RunAfterTestClassCallbacks.java:70)
	at org.junit.runners.ParentRunner.run(ParentRunner.java:363)
	at org.springframework.test.context.junit4.SpringJUnit4ClassRunner.run(SpringJUnit4ClassRunner.java:191)
	at org.junit.runner.JUnitCore.run(JUnitCore.java:137)
	at com.intellij.junit4.JUnit4IdeaTestRunner.startRunnerWithArgs(JUnit4IdeaTestRunner.java:68)
	at com.intellij.rt.execution.junit.IdeaTestRunner$Repeater.startRunnerWithArgs(IdeaTestRunner.java:51)
	at com.intellij.rt.execution.junit.JUnitStarter.prepareStreamsAndStart(JUnitStarter.java:242)
	at com.intellij.rt.execution.junit.JUnitStarter.main(JUnitStarter.java:70)
2017-07-29 00:14:19  [ qtp304718519-24:125642 ] - [ WARN ]2017-07-29 00:15:46  [ qtp304718519-16:212516 ] - [ WARN ]2017-07-29 00:16:10  [ qtp304718519-24:236890 ] - [ WARN ]2017-07-29 16:17:29  [ qtp1416097444-17:353441 ] - [ WARN ]2017-07-29 16:17:33  [ qtp1416097444-21:357359 ] - [ WARN ]2017-07-29 16:23:21  [ qtp1416097444-15:705344 ] - [ WARN ]2017-07-29 16:32:21  [ qtp1416097444-19:1246161 ] - [ WARN ]2017-07-29 16:34:24  [ qtp1416097444-38:1369144 ] - [ WARN ]2017-07-29 16:37:06  [ qtp1416097444-43:1530635 ] - [ WARN ]2017-07-29 16:38:06  [ qtp1416097444-44:1590808 ] - [ WARN ]2017-07-29 16:43:28  [ qtp1416097444-18:1912328 ] - [ WARN ]2017-07-29 16:43:28  [ qtp1416097444-51:1913056 ] - [ WARN ]2017-07-29 16:43:47  [ qtp1416097444-53:1931526 ] - [ WARN ]2017-07-29 16:44:25  [ qtp1416097444-43:1969905 ] - [ WARN ]2017-07-29 16:46:18  [ qtp1416097444-53:2082996 ] - [ WARN ]2017-07-29 16:49:19  [ qtp1416097444-40:2263317 ] - [ WARN ]2017-07-29 16:49:29  [ qtp1416097444-43:2274190 ] - [ WARN ]2017-07-29 16:53:11  [ qtp1151772302-20:10770 ] - [ WARN ]2017-07-29 16:54:38  [ qtp1633566545-14:9255 ] - [ WARN ]2017-07-29 16:54:52  [ qtp1633566545-15:23656 ] - [ WARN ]2017-07-29 16:55:11  [ qtp1633566545-20:42418 ] - [ WARN ]2017-07-29 16:55:18  [ qtp1633566545-21:49561 ] - [ WARN ]2017-07-29 16:55:25  [ qtp1633566545-25:56399 ] - [ WARN ]2017-07-29 16:55:30  [ qtp1633566545-14:61535 ] - [ WARN ]2017-07-29 16:55:37  [ qtp1633566545-24:68618 ] - [ WARN ]2017-07-29 16:55:40  [ qtp1633566545-15:71413 ] - [ WARN ]2017-07-29 16:55:53  [ qtp1633566545-20:84268 ] - [ WARN ]